<?xml version="1.0" encoding="UTF-8"?>
<!-- Generated by org.testng.reporters.JUnitXMLReporter -->
<testsuite ignored="0" hostname="DESKTOP-1DLRFCA" failures="0" tests="6" name="Test1" time="0.144" errors="0" timestamp="2022-08-19T16:17:40 IST">
  <testcase classname="com.goPuff.testng.DeleteTest" name="createCustomer" time="0.019"/>
  <testcase classname="com.goPuff.testng.DeleteTest" name="deletecreateCustomer" time="0.003"/>
  <testcase classname="com.goPuff.testng.DeleteTest" name="modifycreateCustomer" time="0.003"/>
  <testcase classname="com.goPuff.testng.CreateTest" name="createCustomer" time="0.003"/>
  <testcase classname="com.goPuff.testng.CreateTest" name="deletecreateCustomer" time="0.003"/>
  <testcase classname="com.goPuff.testng.CreateTest" name="modifycreateCustomer" time="0.027"/>
</testsuite> <!-- Test1 -->
