<?xml version="1.0" encoding="UTF-8"?>
<!-- Generated by org.testng.reporters.JUnitXMLReporter -->
<testsuite ignored="0" hostname="DESKTOP-1DLRFCA" failures="0" tests="3" name="Test" time="0.091" errors="0" timestamp="2022-08-21T00:20:26 IST">
  <testcase classname="com.goPuff.practice.DeleteTest" name="createCustomer" time="0.013"/>
  <testcase classname="com.goPuff.practice.DeleteTest" name="deletecreateCustomer" time="0.003"/>
  <testcase classname="com.goPuff.practice.DeleteTest" name="modifycreateCustomer" time="0.002"/>
</testsuite> <!-- Test -->
